  YumeNikkiMain.cpp
D:\Windows Kits\10\Include\10.0.19041.0\shared\minwindef.h(130,1): warning C4005: 'APIENTRY': redefinición de macro
D:\Universidad\Computación Gráfica\Lab\Proyecto\YumeNikki\External Libraries\GLFW\include\GLFW\glfw3.h(98): message : vea la definición anterior de 'APIENTRY'
D:\Universidad\Computación Gráfica\Lab\Proyecto\YumeNikki\YumeNikki\YumeNikkiMain.cpp(530,24): warning C4244: 'inicializando': conversión de 'double' a 'GLfloat'; posible pérdida de datos
D:\Universidad\Computación Gráfica\Lab\Proyecto\YumeNikki\YumeNikki\YumeNikkiMain.cpp(1032,11): warning C4244: '=': conversión de 'double' a 'GLfloat'; posible pérdida de datos
D:\Universidad\Computación Gráfica\Lab\Proyecto\YumeNikki\YumeNikki\YumeNikkiMain.cpp(1033,11): warning C4244: '=': conversión de 'double' a 'GLfloat'; posible pérdida de datos
D:\Universidad\Computación Gráfica\Lab\Proyecto\YumeNikki\YumeNikki\YumeNikkiMain.cpp(1037,18): warning C4244: 'inicializando': conversión de 'double' a 'GLfloat'; posible pérdida de datos
D:\Universidad\Computación Gráfica\Lab\Proyecto\YumeNikki\YumeNikki\YumeNikkiMain.cpp(1038,18): warning C4244: 'inicializando': conversión de 'double' a 'GLfloat'; posible pérdida de datos
D:\Universidad\Computación Gráfica\Lab\Proyecto\YumeNikki\YumeNikki\YumeNikkiMain.cpp(1040,10): warning C4244: '=': conversión de 'double' a 'GLfloat'; posible pérdida de datos
D:\Universidad\Computación Gráfica\Lab\Proyecto\YumeNikki\YumeNikki\YumeNikkiMain.cpp(1041,10): warning C4244: '=': conversión de 'double' a 'GLfloat'; posible pérdida de datos
soil2-debug.lib(SOIL2.obj) : warning LNK4075: se omite '/EDITANDCONTINUE' debido a la especificación '/OPT:ICF'
LINK : warning LNK4098: la biblioteca predeterminada'MSVCRTD' entra en conflicto con otras bibliotecas; use la biblioteca /NODEFAULTLIB:biblioteca
  Generando código
  Previous IPDB and IOBJ mismatch, fall back to full compilation.
  All 664 functions were compiled because no usable IPDB/IOBJ from previous compilation was found.
  Generación de código finalizada
soil2-debug.lib(etc1_utils.obj) : warning LNK4099: no se encontró PDB 'soil2-debug.pdb' con 'soil2-debug.lib(etc1_utils.obj)' o en 'D:\Universidad\Computación Gráfica\Lab\Proyecto\YumeNikki\Release\soil2-debug.pdb'; se vinculará el objeto sin tener en cuenta información de depuración
soil2-debug.lib(image_DXT.obj) : warning LNK4099: no se encontró PDB 'soil2-debug.pdb' con 'soil2-debug.lib(image_DXT.obj)' o en 'D:\Universidad\Computación Gráfica\Lab\Proyecto\YumeNikki\Release\soil2-debug.pdb'; se vinculará el objeto sin tener en cuenta información de depuración
soil2-debug.lib(image_helper.obj) : warning LNK4099: no se encontró PDB '' con 'soil2-debug.lib(image_helper.obj)' o en ''; se vinculará el objeto sin tener en cuenta información de depuración
soil2-debug.lib(SOIL2.obj) : warning LNK4099: no se encontró PDB 'soil2-debug.pdb' con 'soil2-debug.lib(SOIL2.obj)' o en 'D:\Universidad\Computación Gráfica\Lab\Proyecto\YumeNikki\Release\soil2-debug.pdb'; se vinculará el objeto sin tener en cuenta información de depuración
  YumeNikki.vcxproj -> D:\Universidad\Computación Gráfica\Lab\Proyecto\YumeNikki\Release\YumeNikki.exe
